{'epochs': 5, 'classes': 10, 'kernels': [16, 32], 'batch_size': 128, 'learning_rate': 0.005, 'dataset': 'MNIST', 'architecture': 'CNN', 'db_path': 'data/mnist.db', 'model_path': 'model/mnist.onnx'}
Artifact not found in W&B. creating and uploading...
Using local file: data/mnist.db
‚è≥ Uploading artifact... please wait.
Traceback (most recent call last):
  File "C:\Users\HP\Documents\repos\mlops-weights-&-biases\venv\Lib\site-packages\wandb\apis\normalize.py", line 28, in wrapper
    return func(*args, **kwargs)
  File "C:\Users\HP\Documents\repos\mlops-weights-&-biases\venv\Lib\site-packages\wandb\apis\public\api.py", line 1598, in _artifact
    artifact = Artifact._from_name(
        path=path,
        client=self.client,
        enable_tracking=enable_tracking,
    )
  File "C:\Users\HP\Documents\repos\mlops-weights-&-biases\venv\Lib\site-packages\wandb\sdk\artifacts\artifact.py", line 335, in _from_name
    return cls._membership_from_name(path=path, client=client)
           ~~~~~~~~~~~~~~~~~~~~~~~~~^^^^^^^^^^^^^^^^^^^^^^^^^^
  File "C:\Users\HP\Documents\repos\mlops-weights-&-biases\venv\Lib\site-packages\wandb\sdk\artifacts\artifact.py", line 319, in _membership_from_name
    raise ValueError(
        f"artifact membership {path.name!r} not found in {entity_project!r}"
    )
ValueError: artifact membership 'mnist-sqlite-data:latest' not found in 'kokrhui-ong-tng-digital/pytorch-sqlite-ops'

During handling of the above exception, another exception occurred:

Traceback (most recent call last):
  File "C:\Users\HP\Documents\repos\mlops-weights-&-biases\main.py", line 68, in model_pipeline
    data_artifact = wandb.run.use_artifact(f"{artifact_name}:{artifact_alias}")
  File "C:\Users\HP\Documents\repos\mlops-weights-&-biases\venv\Lib\site-packages\wandb\sdk\wandb_run.py", line 400, in wrapper
    return func(self, *args, **kwargs)
  File "C:\Users\HP\Documents\repos\mlops-weights-&-biases\venv\Lib\site-packages\wandb\sdk\wandb_run.py", line 458, in wrapper_fn
    return func(self, *args, **kwargs)
  File "C:\Users\HP\Documents\repos\mlops-weights-&-biases\venv\Lib\site-packages\wandb\sdk\wandb_run.py", line 445, in wrapper
    return func(self, *args, **kwargs)
  File "C:\Users\HP\Documents\repos\mlops-weights-&-biases\venv\Lib\site-packages\wandb\sdk\wandb_run.py", line 3086, in use_artifact
    artifact = public_api._artifact(type=type, name=name)
  File "C:\Users\HP\Documents\repos\mlops-weights-&-biases\venv\Lib\site-packages\wandb\apis\normalize.py", line 82, in wrapper
    raise CommError(message, err).with_traceback(sys.exc_info()[2])
  File "C:\Users\HP\Documents\repos\mlops-weights-&-biases\venv\Lib\site-packages\wandb\apis\normalize.py", line 28, in wrapper
    return func(*args, **kwargs)
  File "C:\Users\HP\Documents\repos\mlops-weights-&-biases\venv\Lib\site-packages\wandb\apis\public\api.py", line 1598, in _artifact
    artifact = Artifact._from_name(
        path=path,
        client=self.client,
        enable_tracking=enable_tracking,
    )
  File "C:\Users\HP\Documents\repos\mlops-weights-&-biases\venv\Lib\site-packages\wandb\sdk\artifacts\artifact.py", line 335, in _from_name
    return cls._membership_from_name(path=path, client=client)
           ~~~~~~~~~~~~~~~~~~~~~~~~~^^^^^^^^^^^^^^^^^^^^^^^^^^
  File "C:\Users\HP\Documents\repos\mlops-weights-&-biases\venv\Lib\site-packages\wandb\sdk\artifacts\artifact.py", line 319, in _membership_from_name
    raise ValueError(
        f"artifact membership {path.name!r} not found in {entity_project!r}"
    )
wandb.errors.errors.CommError: artifact membership 'mnist-sqlite-data:latest' not found in 'kokrhui-ong-tng-digital/pytorch-sqlite-ops'

During handling of the above exception, another exception occurred:

Traceback (most recent call last):
  File "C:\Users\HP\Documents\repos\mlops-weights-&-biases\main.py", line 104, in <module>
    model_pipeline(PARAMS)
    ~~~~~~~~~~~~~~^^^^^^^^
  File "C:\Users\HP\Documents\repos\mlops-weights-&-biases\main.py", line 88, in model_pipeline
    data_artifact.wait()
    ~~~~~~~~~~~~~~~~~~^^
  File "C:\Users\HP\Documents\repos\mlops-weights-&-biases\venv\Lib\site-packages\wandb\sdk\artifacts\artifact.py", line 1243, in wait
    raise ValueError(response.error_message)
ValueError: ArtifactSaver.createArtifact: returned error 400: {"data":{"createArtifact":null},"errors":[{"message":"Invalid Client ID digest","path":["createArtifact"]}]}
