  0%|                                                                   | 0/3 [00:00<?, ?it/s]C:\Users\HP\Documents\repos\mlops-weights-&-biases\src\trainer.py:29: UserWarning: Converting a tensor with requires_grad=True to a scalar may lead to unexpected behavior.
Consider using tensor.detach() first. (Triggered internally at C:\actions-runner\_work\pytorch\pytorch\pytorch\torch\csrc\autograd\generated\python_variable_methods.cpp:837.)
  wandb.log({"epoch": epoch, "batch_loss": float(loss)}, step=example_ct)
Epoch 0 | Train Acc: 94.37% | Val Acc: 94.22%
100%|â–ˆâ–ˆâ–ˆâ–ˆâ–ˆâ–ˆâ–ˆâ–ˆâ–ˆâ–ˆâ–ˆâ–ˆâ–ˆâ–ˆâ–ˆâ–ˆâ–ˆâ–ˆâ–ˆâ–ˆâ–ˆâ–ˆâ–ˆâ–ˆâ–ˆâ–ˆâ–ˆâ–ˆâ–ˆâ–ˆâ–ˆâ–ˆâ–ˆâ–ˆâ–ˆâ–ˆâ–ˆâ–ˆâ–ˆâ–ˆâ–ˆâ–ˆâ–ˆâ–ˆâ–ˆâ–ˆâ–ˆâ–ˆâ–ˆâ–ˆâ–ˆâ–ˆâ–ˆâ–ˆâ–ˆâ–ˆâ–ˆâ–ˆâ–ˆ| 3/3 [03:40<00:00, 73.58s/it]
Epoch 1 | Train Acc: 97.11% | Val Acc: 97.06%
Epoch 2 | Train Acc: 98.10% | Val Acc: 97.87%
ðŸ§ª Running final evaluation...
Final Test Metrics: {'test_accuracy': 0.9816, 'test_precision': 0.9816476886954911, 'test_recall': 0.9816, 'test_f1': 0.9815988622371727}
Traceback (most recent call last):
  File "C:\Users\HP\Documents\repos\mlops-weights-&-biases\venv\Lib\site-packages\wandb\sdk\wandb_config.py", line 165, in __getattr__
    return self.__getitem__(key)
           ~~~~~~~~~~~~~~~~^^^^^
  File "C:\Users\HP\Documents\repos\mlops-weights-&-biases\venv\Lib\site-packages\wandb\sdk\wandb_config.py", line 130, in __getitem__
    return self._items[key]
           ~~~~~~~~~~~^^^^^
KeyError: 'model_path'

The above exception was the direct cause of the following exception:

Traceback (most recent call last):
  File "C:\Users\HP\Documents\repos\mlops-weights-&-biases\venv\Lib\site-packages\wandb\agents\pyagent.py", line 296, in _run_job
    self._function()
    ~~~~~~~~~~~~~~^^
  File "C:\Users\HP\Documents\repos\mlops-weights-&-biases\sweep.py", line 38, in sweep_train
    model_pipeline()
    ~~~~~~~~~~~~~~^^
  File "C:\Users\HP\Documents\repos\mlops-weights-&-biases\main.py", line 66, in model_pipeline
    test_model(model, test_loader, config, device)
    ~~~~~~~~~~^^^^^^^^^^^^^^^^^^^^^^^^^^^^^^^^^^^^
  File "C:\Users\HP\Documents\repos\mlops-weights-&-biases\src\evaluator.py", line 50, in test_model
    onnx_path = config.model_path
                ^^^^^^^^^^^^^^^^^
  File "C:\Users\HP\Documents\repos\mlops-weights-&-biases\venv\Lib\site-packages\wandb\sdk\wandb_config.py", line 167, in __getattr__
    raise AttributeError(
        f"{self.__class__!r} object has no attribute {key!r}"
    ) from ke
AttributeError: <class 'wandb.sdk.wandb_config.Config'> object has no attribute 'model_path'
