Traceback (most recent call last):
  File "C:\Users\HP\Documents\repos\mlops-weights-&-biases\venv\Lib\site-packages\wandb\apis\normalize.py", line 28, in wrapper
    return func(*args, **kwargs)
  File "C:\Users\HP\Documents\repos\mlops-weights-&-biases\venv\Lib\site-packages\wandb\apis\public\api.py", line 1598, in _artifact
    artifact = Artifact._from_name(
        path=path,
        client=self.client,
        enable_tracking=enable_tracking,
    )
  File "C:\Users\HP\Documents\repos\mlops-weights-&-biases\venv\Lib\site-packages\wandb\sdk\artifacts\artifact.py", line 335, in _from_name
    return cls._membership_from_name(path=path, client=client)
           ~~~~~~~~~~~~~~~~~~~~~~~~~^^^^^^^^^^^^^^^^^^^^^^^^^^
  File "C:\Users\HP\Documents\repos\mlops-weights-&-biases\venv\Lib\site-packages\wandb\sdk\artifacts\artifact.py", line 319, in _membership_from_name
    raise ValueError(
        f"artifact membership {path.name!r} not found in {entity_project!r}"
    )
ValueError: artifact membership 'mnist-sqlite-data:latest' not found in 'kokrhui-ong-tng-digital/pytorch-sqlite-sweeps'

During handling of the above exception, another exception occurred:

Traceback (most recent call last):
  File "C:\Users\HP\Documents\repos\mlops-weights-&-biases\venv\Lib\site-packages\wandb\agents\pyagent.py", line 296, in _run_job
    self._function()
    ~~~~~~~~~~~~~~^^
  File "C:\Users\HP\Documents\repos\mlops-weights-&-biases\sweep.py", line 40, in sweep_train
    model_pipeline()
    ~~~~~~~~~~~~~~^^
  File "C:\Users\HP\Documents\repos\mlops-weights-&-biases\main.py", line 69, in model_pipeline
    artifact = run.use_artifact(config.dataset_artifact, type="dataset")
  File "C:\Users\HP\Documents\repos\mlops-weights-&-biases\venv\Lib\site-packages\wandb\sdk\wandb_run.py", line 400, in wrapper
    return func(self, *args, **kwargs)
  File "C:\Users\HP\Documents\repos\mlops-weights-&-biases\venv\Lib\site-packages\wandb\sdk\wandb_run.py", line 458, in wrapper_fn
    return func(self, *args, **kwargs)
  File "C:\Users\HP\Documents\repos\mlops-weights-&-biases\venv\Lib\site-packages\wandb\sdk\wandb_run.py", line 445, in wrapper
    return func(self, *args, **kwargs)
  File "C:\Users\HP\Documents\repos\mlops-weights-&-biases\venv\Lib\site-packages\wandb\sdk\wandb_run.py", line 3086, in use_artifact
    artifact = public_api._artifact(type=type, name=name)
  File "C:\Users\HP\Documents\repos\mlops-weights-&-biases\venv\Lib\site-packages\wandb\apis\normalize.py", line 82, in wrapper
    raise CommError(message, err).with_traceback(sys.exc_info()[2])
  File "C:\Users\HP\Documents\repos\mlops-weights-&-biases\venv\Lib\site-packages\wandb\apis\normalize.py", line 28, in wrapper
    return func(*args, **kwargs)
  File "C:\Users\HP\Documents\repos\mlops-weights-&-biases\venv\Lib\site-packages\wandb\apis\public\api.py", line 1598, in _artifact
    artifact = Artifact._from_name(
        path=path,
        client=self.client,
        enable_tracking=enable_tracking,
    )
  File "C:\Users\HP\Documents\repos\mlops-weights-&-biases\venv\Lib\site-packages\wandb\sdk\artifacts\artifact.py", line 335, in _from_name
    return cls._membership_from_name(path=path, client=client)
           ~~~~~~~~~~~~~~~~~~~~~~~~~^^^^^^^^^^^^^^^^^^^^^^^^^^
  File "C:\Users\HP\Documents\repos\mlops-weights-&-biases\venv\Lib\site-packages\wandb\sdk\artifacts\artifact.py", line 319, in _membership_from_name
    raise ValueError(
        f"artifact membership {path.name!r} not found in {entity_project!r}"
    )
wandb.errors.errors.CommError: artifact membership 'mnist-sqlite-data:latest' not found in 'kokrhui-ong-tng-digital/pytorch-sqlite-sweeps'
