100%|â–ˆâ–ˆâ–ˆâ–ˆâ–ˆâ–ˆâ–ˆâ–ˆâ–ˆâ–ˆâ–ˆâ–ˆâ–ˆâ–ˆâ–ˆâ–ˆâ–ˆâ–ˆâ–ˆâ–ˆâ–ˆâ–ˆâ–ˆâ–ˆâ–ˆâ–ˆâ–ˆâ–ˆâ–ˆâ–ˆâ–ˆâ–ˆâ–ˆâ–ˆâ–ˆ| 3/3 [03:43<00:00, 74.45s/it]
Epoch 0 | Train Acc: 98.50% | Val Acc: 98.27%
Epoch 1 | Train Acc: 99.24% | Val Acc: 98.82%
Epoch 2 | Train Acc: 99.44% | Val Acc: 98.98%
ðŸ§ª Running final evaluation...
Final Test Metrics: {'test_accuracy': 0.9913, 'test_precision': 0.9913210615492347, 'test_recall': 0.9913, 'test_f1': 0.9913012060505522}
Traceback (most recent call last):
  File "C:\Users\HP\Documents\repos\mlops-weights-&-biases\venv\Lib\site-packages\wandb\sdk\wandb_config.py", line 165, in __getattr__
    return self.__getitem__(key)
           ~~~~~~~~~~~~~~~~^^^^^
  File "C:\Users\HP\Documents\repos\mlops-weights-&-biases\venv\Lib\site-packages\wandb\sdk\wandb_config.py", line 130, in __getitem__
    return self._items[key]
           ~~~~~~~~~~~^^^^^
KeyError: 'model_path'

The above exception was the direct cause of the following exception:

Traceback (most recent call last):
  File "C:\Users\HP\Documents\repos\mlops-weights-&-biases\venv\Lib\site-packages\wandb\agents\pyagent.py", line 296, in _run_job
    self._function()
    ~~~~~~~~~~~~~~^^
  File "C:\Users\HP\Documents\repos\mlops-weights-&-biases\sweep.py", line 38, in sweep_train
    model_pipeline()
    ~~~~~~~~~~~~~~^^
  File "C:\Users\HP\Documents\repos\mlops-weights-&-biases\main.py", line 66, in model_pipeline
    test_model(model, test_loader, config, device)
    ~~~~~~~~~~^^^^^^^^^^^^^^^^^^^^^^^^^^^^^^^^^^^^
  File "C:\Users\HP\Documents\repos\mlops-weights-&-biases\src\evaluator.py", line 50, in test_model
    onnx_path = config.model_path
                ^^^^^^^^^^^^^^^^^
  File "C:\Users\HP\Documents\repos\mlops-weights-&-biases\venv\Lib\site-packages\wandb\sdk\wandb_config.py", line 167, in __getattr__
    raise AttributeError(
        f"{self.__class__!r} object has no attribute {key!r}"
    ) from ke
AttributeError: <class 'wandb.sdk.wandb_config.Config'> object has no attribute 'model_path'
